03-10 22:30:28 com_github_MitjaNemec_Archive3DModels.action_archive_3d_models 238:Plugin executed on: 'win32'
03-10 22:30:28 com_github_MitjaNemec_Archive3DModels.action_archive_3d_models 239:Plugin executed with python version: '3.11.5 (main, Nov  6 2025, 07:48:09) [MSC v.1944 64 bit (AMD64)]'
03-10 22:30:28 com_github_MitjaNemec_Archive3DModels.action_archive_3d_models 240:KiCad build version: 9.0.7
03-10 22:30:28 com_github_MitjaNemec_Archive3DModels.action_archive_3d_models 241:Plugin version: 1.0.15
03-10 22:30:28 com_github_MitjaNemec_Archive3DModels.action_archive_3d_models 246:Screen sizes: [wx.Size(1920, 1200), wx.Size(3840, 2160)]
03-10 22:30:28 com_github_MitjaNemec_Archive3DModels.action_archive_3d_models 253:Dialog size: wx.Size(213, 81)
03-10 22:30:28 com_github_MitjaNemec_Archive3DModels.action_archive_3d_models 255:Char size: 25
03-10 22:30:40 com_github_MitjaNemec_Archive3DModels.archive_3d_models 30:Starting to archive 3D models
03-10 22:30:40 com_github_MitjaNemec_Archive3DModels.archive_3d_models 51:Getting 3D models for footprint of: G***
03-10 22:30:40 com_github_MitjaNemec_Archive3DModels.archive_3d_models 51:Getting 3D models for footprint of: H1
03-10 22:30:40 com_github_MitjaNemec_Archive3DModels.archive_3d_models 51:Getting 3D models for footprint of: G***
03-10 22:30:40 com_github_MitjaNemec_Archive3DModels.archive_3d_models 51:Getting 3D models for footprint of: H4
03-10 22:30:40 com_github_MitjaNemec_Archive3DModels.archive_3d_models 51:Getting 3D models for footprint of: U1
03-10 22:30:40 com_github_MitjaNemec_Archive3DModels.archive_3d_models 63:Trying to copy: C:/Users/zat/OneDrive/DOC/KiCad/9.0/3dmodels/PINHEAD FEMALE 2/15-Pin Header - Female - 2.54mm.step
03-10 22:30:40 com_github_MitjaNemec_Archive3DModels.archive_3d_models 150:Remapping: C:/Users/zat/OneDrive/DOC/KiCad/9.0/3dmodels/PINHEAD FEMALE 2/15-Pin Header - Female - 2.54mm.step
03-10 22:30:40 com_github_MitjaNemec_Archive3DModels.archive_3d_models 63:Trying to copy: C:/Users/zat/OneDrive/DOC/KiCad/9.0/3dmodels/PINHEAD FEMALE 2/15-Pin Header - Female - 2.54mm.step
03-10 22:30:40 com_github_MitjaNemec_Archive3DModels.archive_3d_models 150:Remapping: C:/Users/zat/OneDrive/DOC/KiCad/9.0/3dmodels/PINHEAD FEMALE 2/15-Pin Header - Female - 2.54mm.step
03-10 22:30:40 com_github_MitjaNemec_Archive3DModels.archive_3d_models 63:Trying to copy: C:/Users/zat/OneDrive/DOC/KiCad/9.0/3dmodels/ESP32-DEVKIT-V1/esp32_dev_kit_v1_asm.stp
03-10 22:30:40 com_github_MitjaNemec_Archive3DModels.archive_3d_models 150:Remapping: C:/Users/zat/OneDrive/DOC/KiCad/9.0/3dmodels/ESP32-DEVKIT-V1/esp32_dev_kit_v1_asm.stp
03-10 22:30:40 com_github_MitjaNemec_Archive3DModels.archive_3d_models 51:Getting 3D models for footprint of: G***
03-10 22:30:40 com_github_MitjaNemec_Archive3DModels.archive_3d_models 51:Getting 3D models for footprint of: J2
03-10 22:30:40 com_github_MitjaNemec_Archive3DModels.archive_3d_models 63:Trying to copy: C:/Users/zat/OneDrive/DOC/KiCad/9.0/3dmodels/BORNE KRE VARIOS/DG306-5.0-15P-12-00AH.STEP
03-10 22:30:40 com_github_MitjaNemec_Archive3DModels.archive_3d_models 150:Remapping: C:/Users/zat/OneDrive/DOC/KiCad/9.0/3dmodels/BORNE KRE VARIOS/DG306-5.0-15P-12-00AH.STEP
03-10 22:30:40 com_github_MitjaNemec_Archive3DModels.archive_3d_models 51:Getting 3D models for footprint of: H3
03-10 22:30:40 com_github_MitjaNemec_Archive3DModels.archive_3d_models 51:Getting 3D models for footprint of: G***
03-10 22:30:40 com_github_MitjaNemec_Archive3DModels.archive_3d_models 51:Getting 3D models for footprint of: G***
03-10 22:30:40 com_github_MitjaNemec_Archive3DModels.archive_3d_models 51:Getting 3D models for footprint of: J1
03-10 22:30:40 com_github_MitjaNemec_Archive3DModels.archive_3d_models 63:Trying to copy: C:/Users/zat/OneDrive/DOC/KiCad/9.0/3dmodels/BORNE KRE VARIOS/DG306-5.0-15P-12-00AH.STEP
03-10 22:30:40 com_github_MitjaNemec_Archive3DModels.archive_3d_models 150:Remapping: C:/Users/zat/OneDrive/DOC/KiCad/9.0/3dmodels/BORNE KRE VARIOS/DG306-5.0-15P-12-00AH.STEP
03-10 22:30:40 com_github_MitjaNemec_Archive3DModels.archive_3d_models 51:Getting 3D models for footprint of: REF**
03-10 22:30:40 com_github_MitjaNemec_Archive3DModels.archive_3d_models 51:Getting 3D models for footprint of: H2
